Arguments: 
  C:\Program Files\nodejs\node.exe C:\Program Files (x86)\Yarn\bin\yarn.js add core-js

PATH: 
  C:\Program Files\Git\mingw64\bin;C:\Program Files\Git\usr\bin;C:\Users\Thiago\bin;C:\Python38\Scripts;C:\Python38;C:\Windows\system32;C:\Windows;C:\Windows\System32\Wbem;C:\Windows\System32\WindowsPowerShell\v1.0;C:\Windows\System32\OpenSSH;C:\Program Files\nodejs;C:\ProgramData\chocolatey\bin;C:\Program Files\Docker\Docker\resources\bin;C:\ProgramData\DockerDesktop\version-bin;C:\Program Files\Git\cmd;C:\Program Files (x86)\NVIDIA Corporation\PhysX\Common;C:\Program Files\NVIDIA Corporation\NVIDIA NvDLISR;C:\Program Files (x86)\Yarn\bin;C:\Program Files\MySQL\MySQL Shell 8.0\bin;C:\Ruby26-x64\bin;C:\Users\Thiago\AppData\Local\Microsoft\WindowsApps;C:\Users\Thiago\AppData\Roaming\npm;C:\Program Files\heroku\bin;C:\Users\Thiago\AppData\Local\Yarn\bin;C:\Users\Thiago\AppData\Local\Programs\Microsoft VS Code\bin

Yarn version: 
  1.22.4

Node version: 
  12.18.1

Platform: 
  win32 x64

Trace: 
  Error: https://registry.yarnpkg.com/stylelint/-/stylelint-13.7.1.tgz: ENOENT: no such file or directory, open 'C:\Users\Thiago\AppData\Local\Yarn\Cache\v6\npm-stylelint-13.7.1-bee97ee78d778a3f1dbe3f7397b76414973e263e-integrity\node_modules\stylelint\.yarn-tarball.tgz'

npm manifest: 
  {
    "name": "robotgame",
    "version": "1.0.0",
    "description": "a minigame write with phaser",
    "main": "index.js",
    "scripts": {
      "build": "webpack --mode development",
      "build:watch": "webpack -w --mode development",
      "build:prod": "webpack --mode production",
      "go": "webpack-dev-server --host 0.0.0.0 --port 7000",
      "stylelint": "npx stylelint ./src/css/*.css",
      "eslint": "npx eslint ./src/**/*.js",
      "test": "jest"
    },
    "author": "Thiago Miranda",
    "license": "MIT",
    "devDependencies": {
      "@babel/core": "^7.11.6",
      "@babel/preset-env": "^7.11.5",
      "babel-loader": "^8.1.0",
      "copy-webpack-plugin": "^6.1.0",
      "css-loader": "^4.3.0",
      "css-minimizer-webpack-plugin": "^1.1.3",
      "eslint": "^6.8.0",
      "eslint-config-airbnb-base": "^14.1.0",
      "eslint-plugin-import": "^2.20.2",
      "file-loader": "^6.1.0",
      "html-loader": "^1.3.0",
      "html-webpack-plugin": "^4.4.1",
      "jest": "^26.4.2",
      "mini-css-extract-plugin": "^0.11.1",
      "sass": "^1.26.10",
      "sass-loader": "^10.0.2",
      "stylelint": "^13.3.3",
      "stylelint-config-standard": "^20.0.0",
      "stylelint-csstree-validator": "^1.8.0",
      "stylelint-scss": "^3.17.2",
      "webpack": "^4.44.1",
      "webpack-dev-server": "^3.11.0"
    }
  }

yarn manifest: 
  No manifest

Lockfile: 
  No lockfile
